[0.021s] Invoking command in '/home/neil/ros2_neil_ws/build/neil_localization_hack': CMAKE_PREFIX_PATH=/opt/ros/foxy /usr/bin/cmake --build /home/neil/ros2_neil_ws/build/neil_localization_hack -- -j8 -l8
[0.070s] [35m[1mScanning dependencies of target path_publisher[0m
[0.093s] [ 50%] Built target geo_transform
[0.105s] [ 75%] [32mBuilding CXX object CMakeFiles/path_publisher.dir/src/path_publisher.cpp.o[0m
[1.429s] [01m[K/home/neil/ros2_neil_ws/src/neil_localization_hack/src/path_publisher.cpp:[m[K In member function â€˜[01m[Kvoid PathPublisher::timer_callback()[m[Kâ€™:
[1.429s] [01m[K/home/neil/ros2_neil_ws/src/neil_localization_hack/src/path_publisher.cpp:56:57:[m[K [01;31m[Kerror: [m[Kexpected primary-expression before â€˜[01m[K[[m[Kâ€™ token
[1.430s]    56 |         path_msg.poses = geometry_msgs::msg::PoseStamped[01;31m[K[[m[Kthis->current_path.size()];
[1.430s]       |                                                         [01;31m[K^[m[K
[1.430s] [01m[K/home/neil/ros2_neil_ws/src/neil_localization_hack/src/path_publisher.cpp:56:64:[m[K [01;31m[Kerror: [m[Kâ€˜[01m[Kclass PathPublisher[m[Kâ€™ has no member named â€˜[01m[Kcurrent_path[m[Kâ€™; did you mean â€˜[01m[Kcurrent_path_[m[Kâ€™?
[1.430s]    56 |         path_msg.poses = geometry_msgs::msg::PoseStamped[this->[01;31m[Kcurrent_path[m[K.size()];
[1.430s]       |                                                                [01;31m[K^~~~~~~~~~~~[m[K
[1.430s]       |                                                                [32m[Kcurrent_path_[m[K
[1.430s] [01m[K/home/neil/ros2_neil_ws/src/neil_localization_hack/src/path_publisher.cpp:57:25:[m[K [01;31m[Kerror: [m[Kâ€˜[01m[Kclass PathPublisher[m[Kâ€™ has no member named â€˜[01m[Kcurrent_path[m[Kâ€™; did you mean â€˜[01m[Kcurrent_path_[m[Kâ€™?
[1.430s]    57 |         std::copy(this->[01;31m[Kcurrent_path[m[K.begin(),this->current_path.end(),&path_msg.poses[0]);
[1.430s]       |                         [01;31m[K^~~~~~~~~~~~[m[K
[1.430s]       |                         [32m[Kcurrent_path_[m[K
[1.430s] [01m[K/home/neil/ros2_neil_ws/src/neil_localization_hack/src/path_publisher.cpp:57:52:[m[K [01;31m[Kerror: [m[Kâ€˜[01m[Kclass PathPublisher[m[Kâ€™ has no member named â€˜[01m[Kcurrent_path[m[Kâ€™; did you mean â€˜[01m[Kcurrent_path_[m[Kâ€™?
[1.430s]    57 |         std::copy(this->current_path.begin(),this->[01;31m[Kcurrent_path[m[K.end(),&path_msg.poses[0]);
[1.430s]       |                                                    [01;31m[K^~~~~~~~~~~~[m[K
[1.430s]       |                                                    [32m[Kcurrent_path_[m[K
[2.418s] make[2]: *** [CMakeFiles/path_publisher.dir/build.make:63: CMakeFiles/path_publisher.dir/src/path_publisher.cpp.o] Error 1
[2.418s] make[1]: *** [CMakeFiles/Makefile2:134: CMakeFiles/path_publisher.dir/all] Error 2
[2.418s] make: *** [Makefile:141: all] Error 2
[2.421s] Invoked command in '/home/neil/ros2_neil_ws/build/neil_localization_hack' returned '2': CMAKE_PREFIX_PATH=/opt/ros/foxy /usr/bin/cmake --build /home/neil/ros2_neil_ws/build/neil_localization_hack -- -j8 -l8
