-- Found ament_cmake: 0.9.12 (/opt/ros/foxy/share/ament_cmake/cmake)
-- Using PYTHON_EXECUTABLE: /usr/bin/python3
-- Found rclcpp: 2.4.3 (/opt/ros/foxy/share/rclcpp/cmake)
-- Using all available rosidl_typesupport_c: rosidl_typesupport_fastrtps_c;rosidl_typesupport_introspection_c
-- Found rosidl_adapter: 1.3.1 (/opt/ros/foxy/share/rosidl_adapter/cmake)
-- Using all available rosidl_typesupport_cpp: rosidl_typesupport_fastrtps_cpp;rosidl_typesupport_introspection_cpp
-- Found rmw_implementation_cmake: 1.0.4 (/opt/ros/foxy/share/rmw_implementation_cmake/cmake)
-- Using RMW implementation 'rmw_fastrtps_cpp' as default
-- Found sensor_msgs: 2.0.5 (/opt/ros/foxy/share/sensor_msgs/cmake)
-- Found nav_msgs: 2.0.5 (/opt/ros/foxy/share/nav_msgs/cmake)
-- Found tf2: 0.13.14 (/opt/ros/foxy/share/tf2/cmake)
-- Found tf2_ros: 0.13.14 (/opt/ros/foxy/share/tf2_ros/cmake)
-- Found ament_lint_auto: 0.9.8 (/opt/ros/foxy/share/ament_lint_auto/cmake)
-- Added test 'copyright' to check source files copyright and LICENSE
-- Added test 'cppcheck' to perform static code analysis on C / C++ code
-- Configured cppcheck include dirs: /home/neil/ros2_neil_ws/src/neil_localization_hack/include;$<BUILD_INTERFACE:/home/neil/ros2_neil_ws/src/neil_localization_hack/include>
-- Configured cppcheck exclude dirs and/or files: 
-- Added test 'cpplint' to check C / C++ code against the Google style
-- Configured cpplint exclude dirs and/or files: 
-- Added test 'lint_cmake' to check CMake code style
-- Added test 'uncrustify' to check C / C++ code style
-- Configured uncrustify additional arguments: 
-- Added test 'xmllint' to check XML markup files
-- Configuring done
-- Generating done
-- Build files have been written to: /home/neil/ros2_neil_ws/build/neil_localization_hack
[35m[1mScanning dependencies of target path_publisher[0m
[35m[1mScanning dependencies of target geo_transform[0m
[ 25%] [32mBuilding CXX object CMakeFiles/geo_transform.dir/src/geo_transform.cpp.o[0m
[ 50%] [32mBuilding CXX object CMakeFiles/path_publisher.dir/src/path_publisher.cpp.o[0m
[01m[K/home/neil/ros2_neil_ws/src/neil_localization_hack/src/path_publisher.cpp:86:10:[m[K [01;31m[Kerror: [m[Kextra qualification â€˜[01m[KPathPublisher::[m[Kâ€™ on member â€˜[01m[Kgenerate_pose[m[Kâ€™ [[01;31m[K-fpermissive[m[K]
   86 |     void [01;31m[KPathPublisher[m[K::generate_pose(const geometry_msgs::msg::TransformStamped& t){
      |          [01;31m[K^~~~~~~~~~~~~[m[K
[01m[K/home/neil/ros2_neil_ws/src/neil_localization_hack/src/path_publisher.cpp:[m[K In member function â€˜[01m[Kvoid PathPublisher::timer_callback()[m[Kâ€™:
[01m[K/home/neil/ros2_neil_ws/src/neil_localization_hack/src/path_publisher.cpp:51:22:[m[K [01;31m[Kerror: [m[Kâ€˜[01m[Knav_msg[m[Kâ€™ has not been declared
   51 |       auto message = [01;31m[Knav_msg[m[K::msg::Path();
      |                      [01;31m[K^~~~~~~[m[K
[01m[K/home/neil/ros2_neil_ws/src/neil_localization_hack/src/path_publisher.cpp:[m[K In member function â€˜[01m[Kvoid PathPublisher::generate_pose(const TransformStamped&)[m[Kâ€™:
[01m[K/home/neil/ros2_neil_ws/src/neil_localization_hack/src/path_publisher.cpp:98:15:[m[K [01;31m[Kerror: [m[Kâ€˜[01m[Kconst TransformStamped[m[Kâ€™ {aka â€˜[01m[Kconst struct geometry_msgs::msg::TransformStamped_<std::allocator<void> >[m[Kâ€™} has no member named â€˜[01m[Ktranslation[m[Kâ€™
   98 |       p.x = t.[01;31m[Ktranslation[m[K.at(0);
      |               [01;31m[K^~~~~~~~~~~[m[K
[01m[K/home/neil/ros2_neil_ws/src/neil_localization_hack/src/path_publisher.cpp:99:15:[m[K [01;31m[Kerror: [m[Kâ€˜[01m[Kconst TransformStamped[m[Kâ€™ {aka â€˜[01m[Kconst struct geometry_msgs::msg::TransformStamped_<std::allocator<void> >[m[Kâ€™} has no member named â€˜[01m[Ktranslation[m[Kâ€™
   99 |       p.y = t.[01;31m[Ktranslation[m[K.at(1);
      |               [01;31m[K^~~~~~~~~~~[m[K
[01m[K/home/neil/ros2_neil_ws/src/neil_localization_hack/src/path_publisher.cpp:100:15:[m[K [01;31m[Kerror: [m[Kâ€˜[01m[Kconst TransformStamped[m[Kâ€™ {aka â€˜[01m[Kconst struct geometry_msgs::msg::TransformStamped_<std::allocator<void> >[m[Kâ€™} has no member named â€˜[01m[Ktranslation[m[Kâ€™
  100 |       p.z = t.[01;31m[Ktranslation[m[K.at(2);
      |               [01;31m[K^~~~~~~~~~~[m[K
[01m[K/home/neil/ros2_neil_ws/src/neil_localization_hack/src/path_publisher.cpp:115:39:[m[K [01;31m[Kerror: [m[Kexpected â€˜[01m[K;[m[Kâ€™ before â€˜[01m[K}[m[Kâ€™ token
  115 |       this->current_path_.push_back(s)
      |                                       [01;31m[K^[m[K
      |                                       [32m[K;[m[K
......
  118 |     [32m[K}[m[K
      |     [32m[K~[m[K                                  
make[2]: *** [CMakeFiles/path_publisher.dir/build.make:63: CMakeFiles/path_publisher.dir/src/path_publisher.cpp.o] Error 1
make[1]: *** [CMakeFiles/Makefile2:134: CMakeFiles/path_publisher.dir/all] Error 2
make[1]: *** Waiting for unfinished jobs....
[ 75%] [32m[1mLinking CXX executable geo_transform[0m
[ 75%] Built target geo_transform
make: *** [Makefile:141: all] Error 2
